Line 15, column 35: Operator strconv.Atoi cannot be applied to types float32, float32
Line 16, column 35: Operator strconv.Atoi cannot be applied to types float32, int
Line 17, column 35: Operator strconv.Atoi cannot be applied to types int, float32
Line 29, column 8: Operator = cannot be applied to types int, undef
Line 29, column 12: Operator + cannot be applied to types int, float32
Line 30, column 8: Operator = cannot be applied to types int, undef
Line 30, column 12: Operator + cannot be applied to types float32, int
Line 31, column 8: Operator = cannot be applied to types int, float32
Line 32, column 8: Operator = cannot be applied to types int, undef
Line 32, column 12: Operator + cannot be applied to types bool, bool
Line 33, column 8: Operator = cannot be applied to types bool, undef
Line 33, column 12: Operator + cannot be applied to types bool, bool
Line 43, column 8: Operator = cannot be applied to types int, undef
Line 43, column 12: Operator + cannot be applied to types string, string
===== Global Symbol Table =====
ci		float32
rad		float32
area		float32
PI		float32
main	(bool)	none

===== Function main(bool) Symbol Table =====
return		none
unused		bool	param
i		int
f		float32
s		string
b		bool

Program
..VarDecl
....Float32
....Id(ci)
..VarDecl
....Float32
....Id(rad)
..VarDecl
....Float32
....Id(area)
..VarDecl
....Float32
....Id(PI)
..FuncDecl
....FuncHeader
......Id(main)
......FuncParams
........ParamDecl
..........Bool
..........Id(unused)
....FuncBody
......VarDecl
........Int
........Id(i)
......VarDecl
........Float32
........Id(f)
......VarDecl
........String
........Id(s)
......VarDecl
........Bool
........Id(b)
......ParseArgs - undef
........Id(f) - float32
........Id(f) - float32
......ParseArgs - undef
........Id(f) - float32
........Id(i) - int
......ParseArgs - undef
........Id(i) - int
........Id(f) - float32
......ParseArgs - int
........Id(i) - int
........Id(i) - int
......Print
........Id(f) - float32
......Print
........Id(i) - int
......Print
........Id(s) - string
......Print
........Id(b) - bool
......Assign - undef
........Id(i) - int
........Add - undef
..........Id(i) - int
..........Id(f) - float32
......Assign - undef
........Id(i) - int
........Add - undef
..........Id(f) - float32
..........Id(i) - int
......Assign - int
........Id(i) - int
........Add - float32
..........Id(f) - float32
..........Id(f) - float32
......Assign - undef
........Id(i) - int
........Add - undef
..........Id(b) - bool
..........Id(b) - bool
......Assign - undef
........Id(b) - bool
........Add - undef
..........Id(b) - bool
..........Id(b) - bool
......Assign - bool
........Id(b) - bool
........Gt - bool
..........Id(b) - bool
..........Id(b) - bool
......Assign - bool
........Id(b) - bool
........Le - bool
..........Id(b) - bool
..........Id(b) - bool
......Assign - bool
........Id(b) - bool
........Eq - bool
..........Id(b) - bool
..........Id(b) - bool
......Assign - bool
........Id(b) - bool
........Ne - bool
..........Id(b) - bool
..........Id(b) - bool
......Assign - undef
........Id(i) - int
........Add - undef
..........Id(s) - string
..........Id(s) - string
