declare i32 @atoi(i8*)
declare i32 @printf(i8*, ...)
@ia = global i32
@ib = global i32
@ic = global i32
@id = global i32
@ie = global i32
@fa = global double
@fb = global double
@fc = global double
@fd = global double
@fe = global double
@ba = global i1
@bb = global i1
@bc = global i1
@bd = global i1
@sa = global i8*
@sb = global i8*
@sc = global i8*

define void @fca() {
}

define i32 @fcb() {
	%fafcb = alloca i32

	Assign (null) int		Id fafcb int		%1 = alloca i1
	store i1 fafcb, i1* %1

	Return (null) (null)		Id fafcb int		%2 = alloca i1
	store i1 fafcb, i1* %2
	ret i32 %2
}

define double @fcd() {
	Return (null) (null)		Add (null) float32		RealLit .1e1 float32		%1 = alloca double
	store double 1.00000000, double* %1
	ret double %1
}

define i8* @fce() {
	%strfce = alloca i8*

	Return (null) (null)		Id strfce string		%1 = alloca i32
	store i32 @atoi(strfce), i32* %1
	ret i8* %1
}

define i1 @fcf() {
	%bafcf = alloca i1

	Return (null) (null)		Id bafcf bool		%1 = alloca i32
	store i32 @atoi(bafcf), i32* %1
	ret i1 %1
}

define i32 @fcg(i32 %iafcg, double %fafcg) {
	%1 = alloca i32
	store i32 %iafcg, i32* %1
	%2 = alloca double
	store double %fafcg, double* %2

	If (null) (null)		Gt (null) bool		Call (null) float32		Id fcd ()		%3 = alloca i32
	store i32 @atoi(fcd), i32* %3

	Return (null) (null)		Call (null) int		Id fcb ()		%4 = alloca i32
	store i32 @atoi(fcb), i32* %4
	ret i32 %4
}

define double @fch(i32 %iafch, double %fafch, i8* %safch) {
	%1 = alloca i32
	store i32 %iafch, i32* %1
	%2 = alloca double
	store double %fafch, double* %2
	%3 = alloca i8*
	store i8* %safch, i1* %3

	Call (null) int		Id fcg (int,float32)		%4 = alloca i32
	store i32 @atoi(fcg), i32* %4

	Print (null) (null)		Id safch string		%5 = alloca i32
	store i32 @atoi(safch), i32* %5

	If (null) (null)		Id bb bool		%6 = alloca i32
	store i32 @atoi(bb), i32* %6

	Return (null) (null)		RealLit .01 float32		%7 = alloca double
	store double 0.01000000, double* %7
	ret double %7
}

define double @fci(i32 %iafci, i32 %ibfci, double %fafci, double %fbfci, i8* %safci) {
	%1 = alloca i32
	store i32 %iafci, i32* %1
	%2 = alloca i32
	store i32 %ibfci, i32* %2
	%3 = alloca double
	store double %fafci, double* %3
	%4 = alloca double
	store double %fbfci, double* %4
	%5 = alloca i8*
	store i8* %safci, i1* %5

	Call (null) float32		Id fch (int,float32,string)		%6 = alloca i32
	store i32 @atoi(fch), i32* %6

	Assign (null) int		Id iafci int		%7 = alloca i1
	store i1 iafci, i1* %7

	If (null) (null)		Call (null) bool		Id fcf ()		%8 = alloca i32
	store i32 @atoi(fcf), i32* %8

}

define i32 @fcj(i32 %iafcj, i32 %ibfcj, double %fafcj, double %fbfcj, i1 %bafcj) {
	%1 = alloca i32
	store i32 %iafcj, i32* %1
	%2 = alloca i32
	store i32 %ibfcj, i32* %2
	%3 = alloca double
	store double %fafcj, double* %3
	%4 = alloca double
	store double %fbfcj, double* %4
	%5 = alloca i1
	store i1 %bafcj, i1* %5

	%fcjia = alloca i32
	%fcjib = alloca i32

	Assign (null) int		Id fcjia int		%6 = alloca i1
	store i1 fcjia, i1* %6

	If (null) (null)		Gt (null) bool		Id fcjia int		%7 = alloca i1
	store i1 fcjia, i1* %7

	For (null) (null)		Id bb bool		%8 = alloca i32
	store i32 @atoi(bb), i32* %8

	Return (null) (null)		Minus (null) int		IntLit 101 int		%9 = alloca i32
	store i32 @atoi(101), i32* %9
	ret i32 %9
}

define void @main() {
	%mia = alloca i32
	%mib = alloca i32

	Assign (null) int		Id ia int		%1 = alloca i1
	store i1 ia, i1* %1

	Assign (null) int		Id ib int		%2 = alloca i1
	store i1 ib, i1* %2

	Assign (null) int		Id ic int		%3 = alloca i1
	store i1 ic, i1* %3

	Assign (null) int		Id id int		%4 = alloca i1
	store i1 id, i1* %4

	Assign (null) int		Id ie int		%5 = alloca i1
	store i1 ie, i1* %5

	Assign (null) float32		Id fa float32		%6 = alloca i32
	store i32 @atoi(fa), i32* %6

	Assign (null) float32		Id fb float32		%7 = alloca i32
	store i32 @atoi(fb), i32* %7

	Assign (null) float32		Id fc float32		%8 = alloca i32
	store i32 @atoi(fc), i32* %8

	Assign (null) float32		Id fd float32		%9 = alloca i32
	store i32 @atoi(fd), i32* %9

	Assign (null) float32		Id fe float32		%10 = alloca i32
	store i32 @atoi(fe), i32* %10

	For (null) (null)		And (null) bool		Gt (null) bool		Id ia int		%11 = alloca i1
	store i1 ia, i1* %11

	Assign (null) int		Id mia int		%12 = alloca i1
	store i1 mia, i1* %12

}
Program
..VarDecl
....Int
....Id(ia)
..VarDecl
....Int
....Id(ib)
..VarDecl
....Int
....Id(ic)
..VarDecl
....Int
....Id(id)
..VarDecl
....Int
....Id(ie)
..VarDecl
....Float32
....Id(fa)
..VarDecl
....Float32
....Id(fb)
..VarDecl
....Float32
....Id(fc)
..VarDecl
....Float32
....Id(fd)
..VarDecl
....Float32
....Id(fe)
..VarDecl
....Bool
....Id(ba)
..VarDecl
....Bool
....Id(bb)
..VarDecl
....Bool
....Id(bc)
..VarDecl
....Bool
....Id(bd)
..VarDecl
....String
....Id(sa)
..VarDecl
....String
....Id(sb)
..VarDecl
....String
....Id(sc)
..FuncDecl
....FuncHeader
......Id(fca)
......FuncParams
....FuncBody
..FuncDecl
....FuncHeader
......Id(fcb)
......Int
......FuncParams
....FuncBody
......VarDecl
........Int
........Id(fafcb)
......Assign - int
........Id(fafcb) - int
........IntLit(132) - int
......Return
........Id(fafcb) - int
..FuncDecl
....FuncHeader
......Id(fcd)
......Float32
......FuncParams
....FuncBody
......Return
........Add - float32
..........RealLit(.1e1) - float32
..........RealLit(0.007) - float32
..FuncDecl
....FuncHeader
......Id(fce)
......String
......FuncParams
....FuncBody
......VarDecl
........String
........Id(strfce)
......Return
........Id(strfce) - string
..FuncDecl
....FuncHeader
......Id(fcf)
......Bool
......FuncParams
....FuncBody
......VarDecl
........Bool
........Id(bafcf)
......Return
........Id(bafcf) - bool
..FuncDecl
....FuncHeader
......Id(fcg)
......Int
......FuncParams
........ParamDecl
..........Int
..........Id(iafcg)
........ParamDecl
..........Float32
..........Id(fafcg)
....FuncBody
......If
........Gt - bool
..........Call - float32
............Id(fcd) - ()
..........Id(fafcg) - float32
........Block
..........Call
............Id(fca) - ()
..........Return
............Id(iafcg) - int
........Block
......Return
........Call - int
..........Id(fcb) - ()
..FuncDecl
....FuncHeader
......Id(fch)
......Float32
......FuncParams
........ParamDecl
..........Int
..........Id(iafch)
........ParamDecl
..........Float32
..........Id(fafch)
........ParamDecl
..........String
..........Id(safch)
....FuncBody
......Call - int
........Id(fcg) - (int,float32)
........Call - int
..........Id(fcb) - ()
........Call - float32
..........Id(fcd) - ()
......Print
........Id(safch) - string
......If
........Id(bb) - bool
........Block
..........Assign - int
............Id(iafch) - int
............Add - int
..............Id(ia) - int
..............Id(ib) - int
..........Assign - float32
............Id(fafch) - float32
............Id(fa) - float32
..........Assign - float32
............Id(fb) - float32
............Id(fafch) - float32
..........Assign - int
............Id(id) - int
............Id(iafch) - int
........Block
......Return
........RealLit(.01) - float32
..FuncDecl
....FuncHeader
......Id(fci)
......Float32
......FuncParams
........ParamDecl
..........Int
..........Id(iafci)
........ParamDecl
..........Int
..........Id(ibfci)
........ParamDecl
..........Float32
..........Id(fafci)
........ParamDecl
..........Float32
..........Id(fbfci)
........ParamDecl
..........String
..........Id(safci)
....FuncBody
......Call - float32
........Id(fch) - (int,float32,string)
........Call - int
..........Id(fcg) - (int,float32)
..........Call - int
............Id(fcb) - ()
..........Call - float32
............Id(fcd) - ()
........Call - float32
..........Id(fcd) - ()
........Call - string
..........Id(fce) - ()
......Assign - int
........Id(iafci) - int
........Add - int
..........Add - int
............Add - int
..............Id(ibfci) - int
..............IntLit(12) - int
............Id(ic) - int
..........Call - int
............Id(fcb) - ()
......If
........Call - bool
..........Id(fcf) - ()
........Block
..........Print
............Id(safci) - string
..........Return
............Call - float32
..............Id(fch) - (int,float32,string)
..............Id(ia) - int
..............Id(fa) - float32
..............Id(sa) - string
........Block
..........Assign - float32
............Id(fafci) - float32
............Add - float32
..............Mul - float32
................Id(fa) - float32
................Id(fbfci) - float32
..............Call - float32
................Id(fcd) - ()
..........Return
............Call - float32
..............Id(fcd) - ()
..FuncDecl
....FuncHeader
......Id(fcj)
......Int
......FuncParams
........ParamDecl
..........Int
..........Id(iafcj)
........ParamDecl
..........Int
..........Id(ibfcj)
........ParamDecl
..........Float32
..........Id(fafcj)
........ParamDecl
..........Float32
..........Id(fbfcj)
........ParamDecl
..........Bool
..........Id(bafcj)
....FuncBody
......VarDecl
........Int
........Id(fcjia)
......VarDecl
........Int
........Id(fcjib)
......Assign - int
........Id(fcjia) - int
........Sub - int
..........Add - int
............Id(ia) - int
............Id(ib) - int
..........Mod - int
............Mul - int
..............Id(ic) - int
..............Id(id) - int
............Id(ie) - int
......If
........Gt - bool
..........Id(fcjia) - int
..........Call - int
............Id(fcg) - (int,float32)
............Id(fcjia) - int
............Call - float32
..............Id(fci) - (int,int,float32,float32,string)
..............Call - int
................Id(fcb) - ()
..............Id(fcjib) - int
..............Call - float32
................Id(fch) - (int,float32,string)
................Call - int
..................Id(fcb) - ()
................Id(fb) - float32
................Id(sa) - string
..............Id(fd) - float32
..............Id(sb) - string
........Block
..........If
............Id(ba) - bool
............Block
..............Assign - float32
................Id(fc) - float32
................RealLit(.01) - float32
............Block
..............Assign - float32
................Id(fc) - float32
................Add - float32
..................Id(fc) - float32
..................Id(fe) - float32
..............If
................Id(bafcj) - bool
................Block
..................For
....................Call - bool
......................Id(fcf) - ()
....................Block
......................Assign - int
........................Id(fcjib) - int
........................Sub - int
..........................Add - int
............................Add - int
..............................Id(fcjia) - int
..............................Div - int
................................Call - int
..................................Id(fcb) - ()
................................IntLit(12) - int
............................Call - int
..............................Id(fcg) - (int,float32)
..............................Add - int
................................Id(ia) - int
................................Id(iafcj) - int
..............................Id(fa) - float32
..........................Id(ibfcj) - int
......................Assign - float32
........................Id(fbfcj) - float32
........................Id(fafcj) - float32
................Block
........Block
......For
........Id(bb) - bool
........Block
..........If
............Id(bc) - bool
............Block
..............Assign - bool
................Id(bd) - bool
................And - bool
..................Id(bd) - bool
..................Id(ba) - bool
..............Assign - bool
................Id(bd) - bool
................Or - bool
..................And - bool
....................Id(ba) - bool
....................Call - bool
......................Id(fcf) - ()
..................And - bool
....................Id(bd) - bool
....................Not - bool
......................Id(bc) - bool
............Block
......Return
........Minus - int
..........IntLit(101) - int
..FuncDecl
....FuncHeader
......Id(main)
......FuncParams
....FuncBody
......Assign - int
........Id(ia) - int
........IntLit(1) - int
......Assign - int
........Id(ib) - int
........IntLit(1) - int
......Assign - int
........Id(ic) - int
........IntLit(1) - int
......Assign - int
........Id(id) - int
........IntLit(1) - int
......Assign - int
........Id(ie) - int
........IntLit(1) - int
......Assign - float32
........Id(fa) - float32
........RealLit(.1) - float32
......Assign - float32
........Id(fb) - float32
........RealLit(.1) - float32
......Assign - float32
........Id(fc) - float32
........RealLit(.1) - float32
......Assign - float32
........Id(fd) - float32
........RealLit(.1) - float32
......Assign - float32
........Id(fe) - float32
........RealLit(.1) - float32
......VarDecl
........Int
........Id(mia)
......VarDecl
........Int
........Id(mib)
......For
........And - bool
..........Gt - bool
............Id(ia) - int
............Id(ib) - int
..........Call - bool
............Id(fcf) - ()
........Block
..........If
............Gt - bool
..............Call - int
................Id(fcb) - ()
..............Call - int
................Id(fcj) - (int,int,float32,float32,bool)
................Call - int
..................Id(fcg) - (int,float32)
..................Call - int
....................Id(fcb) - ()
..................Id(fe) - float32
................Id(mia) - int
................Call - float32
..................Id(fci) - (int,int,float32,float32,string)
..................Call - int
....................Id(fcg) - (int,float32)
....................Call - int
......................Id(fcb) - ()
....................Call - float32
......................Id(fcd) - ()
..................IntLit(123) - int
..................Call - float32
....................Id(fch) - (int,float32,string)
....................Id(ia) - int
....................Call - float32
......................Id(fcd) - ()
....................Call - string
......................Id(fce) - ()
..................Call - float32
....................Id(fcd) - ()
..................Id(sc) - string
................Call - float32
..................Id(fcd) - ()
................Call - bool
..................Id(fcf) - ()
............Block
..............Assign - int
................Id(mib) - int
................Call - int
..................Id(fcj) - (int,int,float32,float32,bool)
..................IntLit(12) - int
..................Id(ia) - int
..................Id(fa) - float32
..................RealLit(.1e12) - float32
..................Id(ba) - bool
............Block
..............Assign - int
................Id(mib) - int
................Add - int
..................Id(ia) - int
..................Call - int
....................Id(fcb) - ()
......Assign - int
........Id(mia) - int
........Add - int
..........Id(mib) - int
..........Call - int
............Id(fcj) - (int,int,float32,float32,bool)
............Add - int
..............IntLit(123) - int
..............Call - int
................Id(fcg) - (int,float32)
................Add - int
..................IntLit(456) - int
..................Call - int
....................Id(fcb) - ()
................Add - float32
..................Call - float32
....................Id(fcd) - ()
..................RealLit(123.321) - float32
............Add - int
..............Sub - int
................Add - int
..................Id(ia) - int
..................Id(ib) - int
................Div - int
..................Id(ic) - int
..................IntLit(12) - int
..............Mod - int
................Mul - int
..................Id(id) - int
..................Id(ie) - int
................Call - int
..................Id(fcg) - (int,float32)
..................Call - int
....................Id(fcb) - ()
..................Id(fa) - float32
............Call - float32
..............Id(fci) - (int,int,float32,float32,string)
..............Add - int
................Id(ia) - int
................Id(ib) - int
..............IntLit(123) - int
..............Sub - float32
................Id(fa) - float32
................Div - float32
..................Call - float32
....................Id(fcd) - ()
..................RealLit(.1e12) - float32
..............Call - float32
................Id(fcd) - ()
..............Call - string
................Id(fce) - ()
............Call - float32
..............Id(fch) - (int,float32,string)
..............Add - int
................IntLit(312) - int
................IntLit(12) - int
..............Add - float32
................Call - float32
..................Id(fcd) - ()
................RealLit(.1e23) - float32
..............Call - string
................Id(fce) - ()
............Or - bool
..............And - bool
................Call - bool
..................Id(fcf) - ()
................Id(ba) - bool
..............Id(bb) - bool
